[34848:23852:1018/142950.638:WARNING:chrome_command_line_pref_store.cc(119)] Additional command-line proxy switches specified when --no-proxy-server was also specified.
[34848:23852:1018/142950.641:WARNING:chrome_command_line_pref_store.cc(119)] Additional command-line proxy switches specified when --no-proxy-server was also specified.
[34848:23852:1018/142950.691:WARNING:chrome_command_line_pref_store.cc(119)] Additional command-line proxy switches specified when --no-proxy-server was also specified.
[34848:12060:1018/142953.994:ERROR:chrome_browser_main_extra_parts_metrics.cc(228)] crbug.com/1216328: Checking Bluetooth availability started. Please report if there is no report that this ends.
[34848:12060:1018/142953.997:ERROR:chrome_browser_main_extra_parts_metrics.cc(231)] crbug.com/1216328: Checking Bluetooth availability ended.
[34848:23852:1018/142953.997:ERROR:device_event_log_impl.cc(214)] [14:29:53.997] USB: usb_device_handle_win.cc:1048 Failed to read descriptor from node connection: A device attached to the system is not functioning. (0x1F)
[34848:12060:1018/142953.998:ERROR:chrome_browser_main_extra_parts_metrics.cc(234)] crbug.com/1216328: Checking default browser status started. Please report if there is no report that this ends.
[34848:23852:1018/142953.999:ERROR:device_event_log_impl.cc(214)] [14:29:53.999] USB: usb_device_handle_win.cc:1048 Failed to read descriptor from node connection: A device attached to the system is not functioning. (0x1F)
[34848:12060:1018/142954.017:ERROR:chrome_browser_main_extra_parts_metrics.cc(238)] crbug.com/1216328: Checking default browser status ended.
[34848:23852:1018/143015.473:INFO:CONSOLE(37)] "[object Object]", source: https://provartesting36-dev-ed.lightning.force.com/libraries/instrumentation/beaconLib.BeaconLibrary.js (37)
[34848:23852:1018/143021.089:INFO:CONSOLE(37)] "[object Object]", source: https://provartesting36-dev-ed.lightning.force.com/libraries/instrumentation/beaconLib.BeaconLibrary.js (37)
[34848:23852:1018/143028.543:INFO:CONSOLE(37)] "[object Object]", source: https://provartesting36-dev-ed.lightning.force.com/libraries/instrumentation/beaconLib.BeaconLibrary.js (37)
[34848:23852:1018/143034.385:INFO:CONSOLE(1434)] "[object HTMLAnchorElement]", source:  (1434)
[34848:23852:1018/143035.564:INFO:CONSOLE(37)] "[object Object]", source: https://provartesting36-dev-ed.lightning.force.com/libraries/instrumentation/beaconLib.BeaconLibrary.js (37)
[34848:23852:1018/143049.125:INFO:CONSOLE(1434)] "[object HTMLDivElement]", source:  (1434)
[34848:23852:1018/143049.530:INFO:CONSOLE(1434)] "[object HTMLDivElement]", source:  (1434)
[34848:23852:1018/143049.984:INFO:CONSOLE(1434)] "[object HTMLDivElement]", source:  (1434)
[34848:23852:1018/143050.067:INFO:CONSOLE(1434)] "[object HTMLElement]", source:  (1434)
[34848:23852:1018/143051.343:INFO:CONSOLE(1434)] "[object HTMLDivElement]", source:  (1434)
[34848:23852:1018/143051.623:INFO:CONSOLE(1434)] "[object HTMLDivElement]", source:  (1434)
[34848:23852:1018/143053.029:INFO:CONSOLE(1434)] "[object HTMLAnchorElement],[object HTMLAnchorElement],[object HTMLAnchorElement],[object HTMLAnchorElement]", source:  (1434)
[34848:23852:1018/143054.299:INFO:CONSOLE(1434)] "[object HTMLDivElement]", source:  (1434)
[34848:23852:1018/143054.815:INFO:CONSOLE(1434)] "[object HTMLDivElement]", source:  (1434)
[34848:23852:1018/143104.172:INFO:CONSOLE(37)] "[object Object]", source: https://provartesting36-dev-ed.lightning.force.com/libraries/instrumentation/beaconLib.BeaconLibrary.js (37)
[34848:23852:1018/143105.021:INFO:CONSOLE(1434)] "[object HTMLDivElement]", source:  (1434)
[34848:23852:1018/143106.510:INFO:CONSOLE(1434)] "[object HTMLDivElement]", source:  (1434)
[34848:23852:1018/143106.836:INFO:CONSOLE(1434)] "[object HTMLTableRowElement]", source:  (1434)
[34848:23852:1018/143110.563:INFO:CONSOLE(1434)] "[object HTMLDivElement]", source:  (1434)
[34848:23852:1018/143111.123:INFO:CONSOLE(1434)] "[object HTMLDivElement]", source:  (1434)
[34848:23852:1018/143121.913:INFO:CONSOLE(1434)] "[object HTMLDivElement]", source:  (1434)
[34848:23852:1018/143122.334:INFO:CONSOLE(37)] "[object Object]", source: https://provartesting36-dev-ed.lightning.force.com/libraries/instrumentation/beaconLib.BeaconLibrary.js (37)
[34848:23852:1018/143123.453:INFO:CONSOLE(1434)] "[object HTMLDivElement]", source:  (1434)
[34848:23852:1018/143123.753:INFO:CONSOLE(1434)] "[object HTMLTableRowElement],[object HTMLTableRowElement]", source:  (1434)
[34848:23852:1018/143127.414:INFO:CONSOLE(1434)] "[object HTMLDivElement]", source:  (1434)
[34848:23852:1018/143131.885:INFO:CONSOLE(37)] "[object Object]", source: https://provartesting36-dev-ed.lightning.force.com/libraries/instrumentation/beaconLib.BeaconLibrary.js (37)
[34848:23852:1018/143134.230:INFO:CONSOLE(1)] "<lightning-icon> Invalid icon name utility:", source: https://provartesting36-dev-ed.lightning.force.com/components/lightning/icon.js (1)
[34848:23852:1018/143135.091:INFO:CONSOLE(1434)] "[object HTMLDivElement]", source:  (1434)
[34848:23852:1018/143136.254:INFO:CONSOLE(1434)] "[object HTMLDivElement],[object HTMLSpanElement]", source:  (1434)
[34848:23852:1018/143142.407:INFO:CONSOLE(1434)] "[object HTMLDivElement]", source:  (1434)
[34848:23852:1018/143142.697:INFO:CONSOLE(1434)] "[object HTMLElement]", source:  (1434)
[34848:23852:1018/143144.888:INFO:CONSOLE(1)] "<lightning-spinner> The alternativeText attribute should not be empty. Please add a description of what is causing the wait.", source: https://provartesting36-dev-ed.lightning.force.com/components/lightning/spinner.js (1)
[34848:23852:1018/143146.201:INFO:CONSOLE(37)] "[object Object]", source: https://provartesting36-dev-ed.lightning.force.com/libraries/instrumentation/beaconLib.BeaconLibrary.js (37)
[34848:23852:1018/143151.663:INFO:CONSOLE(1434)] "[object HTMLElement],[object HTMLElement],[object HTMLElement],[object HTMLElement],[object HTMLElement]", source:  (1434)
[34848:23852:1018/143152.032:INFO:CONSOLE(1434)] "[object HTMLElement]", source:  (1434)
[34848:23852:1018/143153.117:INFO:CONSOLE(1434)] "[object HTMLElement]", source:  (1434)
[34848:23852:1018/143154.657:INFO:CONSOLE(1434)] "[object HTMLSpanElement]", source:  (1434)
[34848:23852:1018/143155.100:INFO:CONSOLE(1434)] "[object HTMLDivElement]", source:  (1434)
[34848:23852:1018/143155.230:INFO:CONSOLE(1434)] "[object HTMLDivElement]", source:  (1434)
[34848:23852:1018/143157.792:INFO:CONSOLE(37)] "[object Object]", source: https://provartesting36-dev-ed.lightning.force.com/libraries/instrumentation/beaconLib.BeaconLibrary.js (37)
[34848:23852:1018/143201.898:INFO:CONSOLE(1434)] "[object HTMLDivElement]", source:  (1434)
[34848:23852:1018/143202.133:INFO:CONSOLE(1434)] "[object HTMLElement]", source:  (1434)
[34848:23852:1018/143204.502:INFO:CONSOLE(37)] "[object Object]", source: https://provartesting36-dev-ed.lightning.force.com/libraries/instrumentation/beaconLib.BeaconLibrary.js (37)
[34848:23852:1018/143216.235:INFO:CONSOLE(1434)] "[object HTMLElement],[object HTMLElement],[object HTMLElement],[object HTMLElement]", source:  (1434)
[34848:23852:1018/143216.683:INFO:CONSOLE(1434)] "[object HTMLElement]", source:  (1434)
[34848:23852:1018/143217.817:INFO:CONSOLE(1434)] "[object HTMLElement]", source:  (1434)
[34848:23852:1018/143218.864:INFO:CONSOLE(1434)] "[object HTMLSpanElement]", source:  (1434)
[34848:23852:1018/143219.511:INFO:CONSOLE(1434)] "[object HTMLDivElement]", source:  (1434)
[34848:23852:1018/143219.751:INFO:CONSOLE(1434)] "[object HTMLDivElement]", source:  (1434)
[34848:23852:1018/143220.886:INFO:CONSOLE(37)] "[object Object]", source: https://provartesting36-dev-ed.lightning.force.com/libraries/instrumentation/beaconLib.BeaconLibrary.js (37)
[34848:23852:1018/143228.585:INFO:CONSOLE(13)] "Synchronous XMLHttpRequest on the main thread is deprecated because of its detrimental effects to the end user's experience. For more help, check https://xhr.spec.whatwg.org/.", source: https://www.salesforce.com/etc/clientlibs/sfdc-aem-master/clientlibs_www_tags.min.49c634c0df8e725801cecc00b8a87f20.js (13)
[34848:23852:1018/143229.350:INFO:CONSOLE(1)] "Failed to retrive resource /wbin/www-core/f/g", source: https://www.salesforce.com/etc.bundles/sfdc-www/bundles/webpack-script-manifest-commonlyUsed-js.bundle.5387356e17d043fc3ccb.js (1)
[34848:23852:1018/143229.930:WARNING:pref_notifier_impl.cc(40)] Pref observer for media_router.cast_allow_all_ips found at shutdown.
