[12332:32292:1018/131753.039:WARNING:chrome_command_line_pref_store.cc(119)] Additional command-line proxy switches specified when --no-proxy-server was also specified.
[12332:32292:1018/131753.042:WARNING:chrome_command_line_pref_store.cc(119)] Additional command-line proxy switches specified when --no-proxy-server was also specified.
[12332:32292:1018/131753.089:WARNING:chrome_command_line_pref_store.cc(119)] Additional command-line proxy switches specified when --no-proxy-server was also specified.
[12332:28056:1018/131756.419:ERROR:chrome_browser_main_extra_parts_metrics.cc(228)] crbug.com/1216328: Checking Bluetooth availability started. Please report if there is no report that this ends.
[12332:32292:1018/131756.422:ERROR:device_event_log_impl.cc(214)] [13:17:56.422] USB: usb_device_handle_win.cc:1048 Failed to read descriptor from node connection: A device attached to the system is not functioning. (0x1F)
[12332:28056:1018/131756.422:ERROR:chrome_browser_main_extra_parts_metrics.cc(231)] crbug.com/1216328: Checking Bluetooth availability ended.
[12332:32292:1018/131756.423:ERROR:device_event_log_impl.cc(214)] [13:17:56.423] USB: usb_device_handle_win.cc:1048 Failed to read descriptor from node connection: A device attached to the system is not functioning. (0x1F)
[12332:28056:1018/131756.423:ERROR:chrome_browser_main_extra_parts_metrics.cc(234)] crbug.com/1216328: Checking default browser status started. Please report if there is no report that this ends.
[12332:28056:1018/131756.433:ERROR:chrome_browser_main_extra_parts_metrics.cc(238)] crbug.com/1216328: Checking default browser status ended.
[12332:32292:1018/131831.998:INFO:CONSOLE(37)] "[object Object]", source: https://provartesting36-dev-ed.lightning.force.com/libraries/instrumentation/beaconLib.BeaconLibrary.js (37)
[12332:32292:1018/131840.040:INFO:CONSOLE(37)] "[object Object]", source: https://provartesting36-dev-ed.lightning.force.com/libraries/instrumentation/beaconLib.BeaconLibrary.js (37)
[12332:32292:1018/131849.261:INFO:CONSOLE(37)] "[object Object]", source: https://provartesting36-dev-ed.lightning.force.com/libraries/instrumentation/beaconLib.BeaconLibrary.js (37)
[12332:32292:1018/131856.059:INFO:CONSOLE(1434)] "[object HTMLAnchorElement]", source:  (1434)
[12332:32292:1018/131857.077:INFO:CONSOLE(37)] "[object Object]", source: https://provartesting36-dev-ed.lightning.force.com/libraries/instrumentation/beaconLib.BeaconLibrary.js (37)
[12332:32292:1018/131910.887:INFO:CONSOLE(1434)] "[object HTMLDivElement]", source:  (1434)
[12332:32292:1018/131911.282:INFO:CONSOLE(1434)] "[object HTMLDivElement]", source:  (1434)
[12332:32292:1018/131911.738:INFO:CONSOLE(1434)] "[object HTMLDivElement]", source:  (1434)
[12332:32292:1018/131911.807:INFO:CONSOLE(1434)] "[object HTMLElement]", source:  (1434)
[12332:32292:1018/131913.101:INFO:CONSOLE(1434)] "[object HTMLDivElement]", source:  (1434)
[12332:32292:1018/131913.422:INFO:CONSOLE(1434)] "[object HTMLDivElement]", source:  (1434)
[12332:32292:1018/131914.865:INFO:CONSOLE(1434)] "[object HTMLAnchorElement],[object HTMLAnchorElement],[object HTMLAnchorElement],[object HTMLAnchorElement]", source:  (1434)
[12332:32292:1018/131916.137:INFO:CONSOLE(1434)] "[object HTMLDivElement]", source:  (1434)
[12332:32292:1018/131916.656:INFO:CONSOLE(1434)] "[object HTMLDivElement]", source:  (1434)
[12332:32292:1018/131926.182:INFO:CONSOLE(37)] "[object Object]", source: https://provartesting36-dev-ed.lightning.force.com/libraries/instrumentation/beaconLib.BeaconLibrary.js (37)
[12332:32292:1018/131927.310:INFO:CONSOLE(1434)] "[object HTMLDivElement]", source:  (1434)
[12332:32292:1018/131928.840:INFO:CONSOLE(1434)] "[object HTMLDivElement]", source:  (1434)
[12332:32292:1018/131929.244:INFO:CONSOLE(1434)] "[object HTMLTableRowElement]", source:  (1434)
[12332:32292:1018/131933.256:INFO:CONSOLE(1434)] "[object HTMLDivElement]", source:  (1434)
[12332:32292:1018/131934.201:INFO:CONSOLE(1434)] "[object HTMLDivElement]", source:  (1434)
[12332:32292:1018/131943.319:INFO:CONSOLE(37)] "[object Object]", source: https://provartesting36-dev-ed.lightning.force.com/libraries/instrumentation/beaconLib.BeaconLibrary.js (37)
[12332:32292:1018/131944.360:INFO:CONSOLE(1434)] "[object HTMLDivElement]", source:  (1434)
[12332:32292:1018/131945.885:INFO:CONSOLE(1434)] "[object HTMLDivElement]", source:  (1434)
[12332:32292:1018/131946.348:INFO:CONSOLE(1434)] "[object HTMLTableRowElement]", source:  (1434)
[12332:32292:1018/131950.176:INFO:CONSOLE(1434)] "[object HTMLDivElement]", source:  (1434)
[12332:32292:1018/131955.036:INFO:CONSOLE(37)] "[object Object]", source: https://provartesting36-dev-ed.lightning.force.com/libraries/instrumentation/beaconLib.BeaconLibrary.js (37)
[12332:32292:1018/131957.257:INFO:CONSOLE(1)] "<lightning-icon> Invalid icon name utility:", source: https://provartesting36-dev-ed.lightning.force.com/components/lightning/icon.js (1)
[12332:32292:1018/131958.207:INFO:CONSOLE(1434)] "[object HTMLDivElement]", source:  (1434)
[12332:32292:1018/131959.712:INFO:CONSOLE(1434)] "[object HTMLDivElement],[object HTMLSpanElement]", source:  (1434)
[12332:32292:1018/132006.379:INFO:CONSOLE(1434)] "[object HTMLDivElement]", source:  (1434)
[12332:32292:1018/132006.708:INFO:CONSOLE(1434)] "[object HTMLElement]", source:  (1434)
[12332:32292:1018/132009.566:INFO:CONSOLE(1)] "<lightning-spinner> The alternativeText attribute should not be empty. Please add a description of what is causing the wait.", source: https://provartesting36-dev-ed.lightning.force.com/components/lightning/spinner.js (1)
[12332:32292:1018/132010.809:INFO:CONSOLE(37)] "[object Object]", source: https://provartesting36-dev-ed.lightning.force.com/libraries/instrumentation/beaconLib.BeaconLibrary.js (37)
[12332:32292:1018/132016.650:INFO:CONSOLE(1434)] "[object HTMLElement],[object HTMLElement],[object HTMLElement],[object HTMLElement],[object HTMLElement]", source:  (1434)
[12332:32292:1018/132017.217:INFO:CONSOLE(1434)] "[object HTMLElement]", source:  (1434)
[12332:32292:1018/132018.535:INFO:CONSOLE(1434)] "[object HTMLElement]", source:  (1434)
[12332:32292:1018/132019.807:INFO:CONSOLE(1434)] "[object HTMLSpanElement]", source:  (1434)
[12332:32292:1018/132020.439:INFO:CONSOLE(1434)] "[object HTMLDivElement]", source:  (1434)
[12332:32292:1018/132020.612:INFO:CONSOLE(1434)] "[object HTMLDivElement]", source:  (1434)
[12332:32292:1018/132023.882:INFO:CONSOLE(37)] "[object Object]", source: https://provartesting36-dev-ed.lightning.force.com/libraries/instrumentation/beaconLib.BeaconLibrary.js (37)
[12332:32292:1018/132023.884:INFO:CONSOLE(37)] "[object Object]", source: https://provartesting36-dev-ed.lightning.force.com/libraries/instrumentation/beaconLib.BeaconLibrary.js (37)
[12332:32292:1018/132028.201:INFO:CONSOLE(1434)] "[object HTMLDivElement]", source:  (1434)
[12332:32292:1018/132028.521:INFO:CONSOLE(1434)] "[object HTMLElement]", source:  (1434)
[12332:32292:1018/132032.278:INFO:CONSOLE(37)] "[object Object]", source: https://provartesting36-dev-ed.lightning.force.com/libraries/instrumentation/beaconLib.BeaconLibrary.js (37)
[12332:32292:1018/132045.711:INFO:CONSOLE(1434)] "[object HTMLElement],[object HTMLElement],[object HTMLElement],[object HTMLElement]", source:  (1434)
[12332:32292:1018/132046.331:INFO:CONSOLE(1434)] "[object HTMLElement]", source:  (1434)
[12332:32292:1018/132047.943:INFO:CONSOLE(1434)] "[object HTMLElement]", source:  (1434)
[12332:32292:1018/132049.061:INFO:CONSOLE(1434)] "[object HTMLSpanElement]", source:  (1434)
[12332:32292:1018/132050.013:INFO:CONSOLE(1434)] "[object HTMLDivElement]", source:  (1434)
[12332:32292:1018/132050.464:INFO:CONSOLE(1434)] "[object HTMLDivElement]", source:  (1434)
[12332:32292:1018/132051.228:INFO:CONSOLE(37)] "[object Object]", source: https://provartesting36-dev-ed.lightning.force.com/libraries/instrumentation/beaconLib.BeaconLibrary.js (37)
[12332:32292:1018/132100.937:INFO:CONSOLE(700)] "Synchronous XMLHttpRequest on the main thread is deprecated because of its detrimental effects to the end user's experience. For more help, check https://xhr.spec.whatwg.org/.", source: https://static.lightning.force.com/ap24/auraFW/javascript/7FPkrq_-upw5gdD4giTZpg/aura_prod.js (700)
[12332:32292:1018/132101.952:INFO:CONSOLE(13)] "Synchronous XMLHttpRequest on the main thread is deprecated because of its detrimental effects to the end user's experience. For more help, check https://xhr.spec.whatwg.org/.", source: https://www.salesforce.com/etc/clientlibs/sfdc-aem-master/clientlibs_www_tags.min.49c634c0df8e725801cecc00b8a87f20.js (13)
[12332:32292:1018/132102.766:INFO:CONSOLE(1)] "Failed to retrive resource /wbin/www-core/f/g", source: https://www.salesforce.com/etc.bundles/sfdc-www/bundles/webpack-script-manifest-commonlyUsed-js.bundle.5387356e17d043fc3ccb.js (1)
[12332:32292:1018/132103.578:WARNING:pref_notifier_impl.cc(40)] Pref observer for media_router.cast_allow_all_ips found at shutdown.
